TN:
SF:src/modules/tweets/services/CreateTweetService.ts
FN:17,(anonymous_5)
FN:25,(anonymous_6)
FNF:2
FNH:2
FNDA:2,(anonymous_5)
FNDA:2,(anonymous_6)
DA:1,1
DA:2,1
DA:6,1
DA:16,1
DA:19,2
DA:22,2
DA:26,2
DA:28,2
DA:29,1
DA:32,1
DA:34,1
DA:38,1
LF:12
LH:12
BRDA:28,0,0,1
BRDA:28,0,1,1
BRF:2
BRH:2
end_of_record
TN:
SF:src/modules/users/services/CreateUserService.ts
FN:21,(anonymous_5)
FN:32,(anonymous_6)
FNF:2
FNH:2
FNDA:4,(anonymous_5)
FNDA:4,(anonymous_6)
DA:1,1
DA:3,1
DA:20,1
DA:23,4
DA:26,4
DA:29,4
DA:33,4
DA:35,4
DA:36,1
DA:39,3
DA:42,3
DA:44,3
DA:45,1
DA:47,1
DA:50,2
DA:57,2
DA:59,2
DA:63,1
LF:18
LH:18
BRDA:35,0,0,1
BRDA:35,0,1,3
BRDA:44,1,0,1
BRDA:44,1,1,2
BRF:4
BRH:4
end_of_record
TN:
SF:src/modules/users/services/ShowUserService.ts
FN:13,(anonymous_4)
FN:18,(anonymous_5)
FNF:2
FNH:2
FNDA:1,(anonymous_4)
FNDA:1,(anonymous_5)
DA:2,1
DA:12,1
DA:15,1
DA:19,1
DA:21,1
DA:25,1
LF:6
LH:6
BRF:0
BRH:0
end_of_record
