TN:
SF:src/modules/tweets/services/CreateTweetService.ts
FN:16,(anonymous_4)
FN:24,(anonymous_5)
FNF:2
FNH:2
FNDA:1,(anonymous_4)
FNDA:1,(anonymous_5)
DA:2,1
DA:15,1
DA:18,1
DA:21,1
DA:25,1
DA:27,1
DA:29,1
DA:33,1
LF:8
LH:8
BRF:0
BRH:0
end_of_record
TN:
SF:src/modules/users/services/CreateUserService.ts
FN:15,(anonymous_4)
FN:20,(anonymous_5)
FNF:2
FNH:2
FNDA:1,(anonymous_4)
FNDA:1,(anonymous_5)
DA:1,1
DA:14,1
DA:17,1
DA:26,1
DA:33,1
DA:37,1
LF:6
LH:6
BRF:0
BRH:0
end_of_record
TN:
SF:src/modules/users/services/ShowUserService.ts
FN:13,(anonymous_4)
FN:18,(anonymous_5)
FNF:2
FNH:2
FNDA:1,(anonymous_4)
FNDA:1,(anonymous_5)
DA:2,1
DA:12,1
DA:15,1
DA:19,1
DA:21,1
DA:25,1
LF:6
LH:6
BRF:0
BRH:0
end_of_record
